[2025-05-05 14:46:44] GenisysMaxAPI успешно инициализирован!
[2025-05-05 14:46:44] Статистика оптимизаций:
[2025-05-05 14:46:44] - Сохранено памяти: 0MB
[2025-05-05 14:46:44] - Сэкономлено времени тиков: 0мс
[2025-05-05 14:46:44] - Оптимизировано чанков: 0
[2025-05-05 14:46:44] - Ограничено сущностей: 0
[2025-05-05 14:47:44] Статистика оптимизаций:
[2025-05-05 14:47:44] - Сохранено памяти: 0MB
[2025-05-05 14:47:44] - Сэкономлено времени тиков: 0мс
[2025-05-05 14:47:44] - Оптимизировано чанков: 0
[2025-05-05 14:47:44] - Ограничено сущностей: 0
[2025-05-05 14:48:44] Статистика оптимизаций:
[2025-05-05 14:48:44] - Сохранено памяти: 0MB
[2025-05-05 14:48:44] - Сэкономлено времени тиков: 0мс
[2025-05-05 14:48:44] - Оптимизировано чанков: 0
[2025-05-05 14:48:44] - Ограничено сущностей: 0
[2025-05-05 14:49:44] Статистика оптимизаций:
[2025-05-05 14:49:44] - Сохранено памяти: 0MB
[2025-05-05 14:49:44] - Сэкономлено времени тиков: 0мс
[2025-05-05 14:49:44] - Оптимизировано чанков: 0
[2025-05-05 14:49:44] - Ограничено сущностей: 0
[2025-05-05 14:50:44] Статистика оптимизаций:
[2025-05-05 14:50:44] - Сохранено памяти: 0MB
[2025-05-05 14:50:44] - Сэкономлено времени тиков: 0мс
[2025-05-05 14:50:44] - Оптимизировано чанков: 0
[2025-05-05 14:50:44] - Ограничено сущностей: 0
[2025-05-05 14:51:44] Статистика оптимизаций:
[2025-05-05 14:51:44] - Сохранено памяти: 0MB
[2025-05-05 14:51:44] - Сэкономлено времени тиков: 0мс
[2025-05-05 14:51:44] - Оптимизировано чанков: 0
[2025-05-05 14:51:44] - Ограничено сущностей: 0
[2025-05-05 14:52:44] Статистика оптимизаций:
[2025-05-05 14:52:44] - Сохранено памяти: 0MB
[2025-05-05 14:52:44] - Сэкономлено времени тиков: 0мс
[2025-05-05 14:52:44] - Оптимизировано чанков: 0
[2025-05-05 14:52:44] - Ограничено сущностей: 0
[2025-05-05 14:53:44] Статистика оптимизаций:
[2025-05-05 14:53:44] - Сохранено памяти: 0MB
[2025-05-05 14:53:44] - Сэкономлено времени тиков: 0мс
[2025-05-05 14:53:44] - Оптимизировано чанков: 0
[2025-05-05 14:53:44] - Ограничено сущностей: 0
[2025-05-05 14:54:44] Статистика оптимизаций:
[2025-05-05 14:54:44] - Сохранено памяти: 0MB
[2025-05-05 14:54:44] - Сэкономлено времени тиков: 0мс
[2025-05-05 14:54:44] - Оптимизировано чанков: 0
[2025-05-05 14:54:44] - Ограничено сущностей: 0
[2025-05-05 14:55:44] Статистика оптимизаций:
[2025-05-05 14:55:44] - Сохранено памяти: 0MB
[2025-05-05 14:55:44] - Сэкономлено времени тиков: 0мс
[2025-05-05 14:55:44] - Оптимизировано чанков: 0
[2025-05-05 14:55:44] - Ограничено сущностей: 0
[2025-05-05 14:56:44] Статистика оптимизаций:
[2025-05-05 14:56:44] - Сохранено памяти: 0MB
[2025-05-05 14:56:44] - Сэкономлено времени тиков: 0мс
[2025-05-05 14:56:44] - Оптимизировано чанков: 0
[2025-05-05 14:56:44] - Ограничено сущностей: 0
[2025-05-05 14:57:33] GenisysMaxAPI успешно инициализирован!
[2025-05-05 14:57:33] Статистика оптимизаций:
[2025-05-05 14:57:33] - Сохранено памяти: 0MB
[2025-05-05 14:57:33] - Сэкономлено времени тиков: 0мс
[2025-05-05 14:57:33] - Оптимизировано чанков: 0
[2025-05-05 14:57:33] - Ограничено сущностей: 0
[2025-05-05 14:58:33] Статистика оптимизаций:
[2025-05-05 14:58:33] - Сохранено памяти: 0MB
[2025-05-05 14:58:33] - Сэкономлено времени тиков: 117.91мс
[2025-05-05 14:58:33] - Оптимизировано чанков: 0
[2025-05-05 14:58:33] - Ограничено сущностей: 0
[2025-05-05 15:06:32] GenisysMaxAPI успешно инициализирован!
[2025-05-05 15:06:32] Статистика оптимизаций:
[2025-05-05 15:06:32] - Сохранено памяти: -0.22MB
[2025-05-05 15:06:32] - Сэкономлено времени тиков: 0мс
[2025-05-05 15:06:32] - Оптимизировано чанков: 0
[2025-05-05 15:06:32] - Ограничено сущностей: 0
[2025-05-05 15:06:32] Статистика сервера: TPS=20, Память=108.76MB, Игроки=0
[2025-05-05 15:07:32] Статистика оптимизаций:
[2025-05-05 15:07:32] - Сохранено памяти: -0.22MB
[2025-05-05 15:07:32] - Сэкономлено времени тиков: 9.83мс
[2025-05-05 15:07:32] - Оптимизировано чанков: 0
[2025-05-05 15:07:32] - Ограничено сущностей: 0
[2025-05-05 15:08:32] Статистика оптимизаций:
[2025-05-05 15:08:32] - Сохранено памяти: -0.22MB
[2025-05-05 15:08:32] - Сэкономлено времени тиков: 16.47мс
[2025-05-05 15:08:32] - Оптимизировано чанков: 0
[2025-05-05 15:08:32] - Ограничено сущностей: 0
[2025-05-05 15:09:32] Статистика оптимизаций:
[2025-05-05 15:09:32] - Сохранено памяти: -0.22MB
[2025-05-05 15:09:32] - Сэкономлено времени тиков: 25.96мс
[2025-05-05 15:09:32] - Оптимизировано чанков: 0
[2025-05-05 15:09:32] - Ограничено сущностей: 0
[2025-05-05 15:10:32] Статистика оптимизаций:
[2025-05-05 15:10:32] - Сохранено памяти: -0.22MB
[2025-05-05 15:10:32] - Сэкономлено времени тиков: 40.39мс
[2025-05-05 15:10:32] - Оптимизировано чанков: 0
[2025-05-05 15:10:32] - Ограничено сущностей: 0
[2025-05-05 15:11:32] Статистика оптимизаций:
[2025-05-05 15:11:32] - Сохранено памяти: -0.22MB
[2025-05-05 15:11:32] - Сэкономлено времени тиков: 47.84мс
[2025-05-05 15:11:32] - Оптимизировано чанков: 0
[2025-05-05 15:11:32] - Ограничено сущностей: 0
[2025-05-05 15:11:32] Статистика сервера: TPS=20, Память=108.83MB, Игроки=0
[2025-05-05 15:12:32] Статистика оптимизаций:
[2025-05-05 15:12:32] - Сохранено памяти: -0.22MB
[2025-05-05 15:12:32] - Сэкономлено времени тиков: 54.57мс
[2025-05-05 15:12:32] - Оптимизировано чанков: 0
[2025-05-05 15:12:32] - Ограничено сущностей: 0
[2025-05-05 15:13:32] Статистика оптимизаций:
[2025-05-05 15:13:32] - Сохранено памяти: -0.22MB
[2025-05-05 15:13:32] - Сэкономлено времени тиков: 61.32мс
[2025-05-05 15:13:32] - Оптимизировано чанков: 0
[2025-05-05 15:13:32] - Ограничено сущностей: 0
[2025-05-05 15:14:32] Статистика оптимизаций:
[2025-05-05 15:14:32] - Сохранено памяти: -0.22MB
[2025-05-05 15:14:32] - Сэкономлено времени тиков: 68.79мс
[2025-05-05 15:14:32] - Оптимизировано чанков: 0
[2025-05-05 15:14:32] - Ограничено сущностей: 0
[2025-05-05 15:15:32] Статистика оптимизаций:
[2025-05-05 15:15:32] - Сохранено памяти: -0.22MB
[2025-05-05 15:15:32] - Сэкономлено времени тиков: 75.77мс
[2025-05-05 15:15:32] - Оптимизировано чанков: 0
[2025-05-05 15:15:32] - Ограничено сущностей: 0
[2025-05-05 15:16:32] Статистика оптимизаций:
[2025-05-05 15:16:32] - Сохранено памяти: -0.22MB
[2025-05-05 15:16:32] - Сэкономлено времени тиков: 83.29мс
[2025-05-05 15:16:32] - Оптимизировано чанков: 0
[2025-05-05 15:16:32] - Ограничено сущностей: 0
[2025-05-05 15:16:32] Статистика сервера: TPS=20, Память=108.83MB, Игроки=0
[2025-05-05 15:17:32] Статистика оптимизаций:
[2025-05-05 15:17:32] - Сохранено памяти: -0.22MB
[2025-05-05 15:17:32] - Сэкономлено времени тиков: 93.72мс
[2025-05-05 15:17:32] - Оптимизировано чанков: 0
[2025-05-05 15:17:32] - Ограничено сущностей: 0
[2025-05-05 15:20:20] GenisysMaxAPI успешно инициализирован!
[2025-05-05 15:20:20] Статистика оптимизаций:
[2025-05-05 15:20:20] - Сохранено памяти: -0.06MB
[2025-05-05 15:20:20] - Сэкономлено времени тиков: 0мс
[2025-05-05 15:20:20] - Оптимизировано чанков: 0
[2025-05-05 15:20:20] - Ограничено сущностей: 0
[2025-05-05 15:20:20] Статистика сервера: TPS=20, Память=62.35MB, Игроки=0
[2025-05-05 15:20:28] GenisysMaxAPI успешно инициализирован!
[2025-05-05 15:20:28] Статистика оптимизаций:
[2025-05-05 15:20:28] - Сохранено памяти: -0.06MB
[2025-05-05 15:20:28] - Сэкономлено времени тиков: 0мс
[2025-05-05 15:20:28] - Оптимизировано чанков: 0
[2025-05-05 15:20:28] - Ограничено сущностей: 0
[2025-05-05 15:20:28] Статистика сервера: TPS=20, Память=62.35MB, Игроки=0
