GenisysMax Crash Dump Mon May 5 14:36:43 UTC 2025

Error: Call to undefined method pocketmine\MemoryManager::setMemoryLimit()
File: C:/Users/Мансур/Desktop/GenisysMax/GenisysMAX/src/pocketmine/GenisysMaxAPI
Line: 101
Type: Error

THIS CRASH WAS CAUSED BY A PLUGIN

Code:
[92]         }, 20 * 30);
[93]         
[94]         self::patchMemoryUsage();
[95]     }
[96]     
[97]     private static function patchMemoryUsage() {
[98]         $originalMethod = new \ReflectionMethod(self::$server, "tick");
[99]         $originalMethod->setAccessible(true);
[100]         
[101]         self::$server->getMemoryManager()->setMemoryLimit(function($memory, $limit) {
[102]             if($memory > $limit * 0.8) {
[103]                 $worlds = self::$server->getLevels();
[104]                 foreach($worlds as $world) {
[105]                     $world->clearCache(true);
[106]                 }
[107]                 return true;
[108]             }
[109]             return false;
[110]         });
[111]     }

Backtrace:
#0 C:/Users/Мансур/Desktop/GenisysMax/GenisysMAX/src/pocketmine/GenisysMaxAPI(94):pocketmine\GenisysMaxAPI::patchMemoryUsage()
#1 C:/Users/Мансур/Desktop/GenisysMax/GenisysMAX/src/pocketmine/GenisysMaxAPI(59):pocketmine\GenisysMaxAPI::initMemoryOptimization()
#2 C:/Users/Мансур/Desktop/GenisysMax/GenisysMAX/src/pocketmine/Server(1285):pocketmine\GenisysMaxAPI::init()
#3 C:/Users/Мансур/Desktop/GenisysMax/GenisysMAX/src/pocketmine/PocketMine(331):pocketmine\Server->__construct(object pocketmine\thread\ThreadSafeClassLoader#13, object pocketmine\utils\MainLogger#12, string[52] C:\Users\............\Desktop\GenisysMax\GenisysMAX\, string[60] C:\Users\............\Desktop\GenisysMax\GenisysMAX\plugins\)
#4 C:/Users/Мансур/Desktop/GenisysMax/GenisysMAX/src/pocketmine/PocketMine(356):pocketmine\server()

GenisysMax version: 0.0.1-STABLE [Protocol 113]
Git commit: 0000000000000000000000000000000000000000
uname -a: Windows NT DESKTOP-QFOQBHB 10.0 build 22631 (Windows 11) AMD64
PHP Version: 8.3.13
Zend version: 4.3.13
OS: WINNT, WINDOWS
Composer libraries: 
- adhocore/json-comment 1.2.1@651023f9fe52e9efa2198cbaf6e481d1968e2377
- daverandom/callback-validator dev-master@d87a08cddbc6099816ed01e50ce25cdfc43b542f
- margusk/accessors 0.4.0@86bdf6105ef5baf0b8e57c7e77ee5fb51d41aedf
- myclabs/deep-copy 1.12.0@3a6b9a42cd8f8771bd4295d13e1423fa7f3d942c
- nikic/php-parser v5.1.0@683130c2ff8c2739f4822ff7ac5c873ec529abd1
- phar-io/manifest 2.0.4@54750ef60c58e43759730615a392c31c80e23176
- phar-io/version 3.2.1@4f7fd7836c6f332bb2933569e566a0d6c4cbed74
- phpstan/phpdoc-parser 1.29.1@fcaefacf2d5c417e928405b71b400d4ce10daaf4
- phpstan/phpstan 1.11.2@0d5d4294a70deb7547db655c47685d680e39cfec
- phpstan/phpstan-phpunit 1.4.0@f3ea021866f4263f07ca3636bf22c64be9610c11
- phpstan/phpstan-strict-rules 1.6.0@363f921dd8441777d4fc137deb99beb486c77df1
- phpunit/php-code-coverage 10.1.15@5da8b1728acd1e6ffdf2ff32ffbdfd04307f26ae
- phpunit/php-file-iterator 4.1.0@a95037b6d9e608ba092da1b23931e537cadc3c3c
- phpunit/php-invoker 4.0.0@f5e568ba02fa5ba0ddd0f618391d5a9ea50b06d7
- phpunit/php-text-template 3.0.1@0c7b06ff49e3d5072f057eb1fa59258bf287a748
- phpunit/php-timer 6.0.0@e2a2d67966e740530f4a3343fe2e030ffdc1161d
- phpunit/phpunit 10.5.26@42e2f13ceaa2e34461bc89bea75407550b40b2aa
- sebastian/cli-parser 2.0.1@c34583b87e7b7a8055bf6c450c2c77ce32a24084
- sebastian/code-unit 2.0.0@a81fee9eef0b7a76af11d121767abc44c104e503
- sebastian/code-unit-reverse-lookup 3.0.0@5e3a687f7d8ae33fb362c5c0743794bbb2420a1d
- sebastian/comparator 5.0.1@2db5010a484d53ebf536087a70b4a5423c102372
- sebastian/complexity 3.2.0@68ff824baeae169ec9f2137158ee529584553799
- sebastian/diff 5.1.1@c41e007b4b62af48218231d6c2275e4c9b975b2e
- sebastian/environment 6.1.0@8074dbcd93529b357029f5cc5058fd3e43666984
- sebastian/exporter 5.1.2@955288482d97c19a372d3f31006ab3f37da47adf
- sebastian/global-state 6.0.2@987bafff24ecc4c9ac418cab1145b96dd6e9cbd9
- sebastian/lines-of-code 2.0.2@856e7f6a75a84e339195d48c556f23be2ebf75d0
- sebastian/object-enumerator 5.0.0@202d0e344a580d7f7d04b3fafce6933e59dae906
- sebastian/object-reflector 3.0.0@24ed13d98130f0e7122df55d06c5c4942a577957
- sebastian/recursion-context 5.0.0@05909fb5bc7df4c52992396d0116aed689f93712
- sebastian/type 4.0.0@462699a16464c3944eefc02ebdd77882bd3925bf
- sebastian/version 4.0.1@c51fa83a5d8f43f1402e3f32a005e6262244ef17
- semennejo/submarine 1.0.0+no-version-set@unknown
- theseer/tokenizer 1.2.3@737eda637ed5e28c3413cb1ebe8bb52cbf1ca7a2
- webmozart/assert 1.11.0@11cb2199493b2f8a3b53e7f19068fc6aac760991
- webmozart/path-util 2.3.0@d939f7edc24c9a1bb9c0dee5cb05d8e859490725

Loaded plugins:

----------------------REPORT THE DATA BELOW THIS LINE-----------------------

===BEGIN CRASH DUMP===
eNrNWgtz3La1/isYOTOVe5crvh+bUUaOrTSe2pFqyePOzWY0IADusuaSGz70SMb//X4HAHe5ktpk
pre5V23WJAgcnOd3zgH561HRtBve39yqtiub+mgRzo76cqOOFl4SxmEUpW4wzxLXC2ZHw9Y+CedZ
FPoYjaMkCNMYzyre9edt27RHi1+P+octph2Z+9nRRnUdX9HIa15VrG/YUEtVlLWSbKP6dSPZthGf
Vb/B0HL5Xm2a9uE9r7GmXSw61ZuRd+Wm7I9fgmAxVNV3ZaUpLpbLjx2YXy6Xgxt6gn4DV/9K+g09
/RvoX3e5fKO6z32zXS7/ouqye+je8/v99au/L5ddK5bLKT/7ia8u38636y1xMO5+ojc/+T17n9it
T/YET/Ybn2Dfk/22Jwe7YscKg1C968E+LRe4/vHohcv+KA6Os/Dl4p9qZbHY8l6sjZ0+krG1nV54
fxx/UfYv+Svr0rrRBXlx+Qvv4e6GS/8/yeWVahFbx56fRr/JoGEn+E+yc6kv3+PyOAi8Q44Mq843
Nzeiqbu+HUR/3OT/UKI/iM9+3Soul8tr/e8VL9RrRH/3ruFStS8AFOyZRUNfVojR97ys3zWrFU30
ZwyblPXqx8j/iU0CeT75+x0BuyMTu/8OmW01rMoa67QRwj/KCFF8aITO+MvLo58Q6FrDwBlS29GX
2ZH6wxD2/xTfHottTHNT1rdNdas2qu7xUJYtnAwrRSMV6STzMcrs35cZ8132Zxa4L7/GnCyYPKP7
cHLfqap4DsH0wshO/EI3sb2h68Reb9vylvcKTghIEawYakHQwp7SY7/SunSy81dNW0IyXr03Rjpl
tbpjy+UHVVRKkzEPjg2LXxnnmLElcrT4vDwyLGb/nKLzDYz7Sgj4R5lX6hhBrfQiz3UPNQLNP1GJ
3c/5ZjV6iPWZ45ea8NRrRrmPv9ro0Rn7qqIHRmrPnRqH/spinMm+sVNhLneejguCRwu0dHdNW8kO
enrK4Dt1q6ru2EoXPrMapY7iYn08UuGdJThuGT2zaL+t842oFG9fg8SBIuNnVn3RT5JnnrSqH9qa
0XqzPH00ySzNHo3aZQWvOrPOm9rvi2HF83bO+mVfJvz6ZTb5P2BlpWrV8opipuZU0B3tgxFkct6p
fT145M7duedcXb/69t05PR3KCrHpzo7K7kaq26OF5glB2jZ9IxqQ9ahY5NsSi4O5n85dLFuVFLPu
7/zDgsGy9qmsZXPXsR+u2Zvzq79eX1w6f/vu4m/ffv8t88Aa0/ww348Djx2Pkz3vJXv1/k0cghAV
bIujdB7MvQC3v6iaoCUc7/H4puloo7c//HCNAX1zB+AhZNlsG7jYTVXmLW9L1ZHOuFxDzlad/KNr
agdzLCB5c3/uncURfD0oskJFvspUwX0vS0XOi1iFqSe9LE6VHyQJyEsOLXNwvDkRgO2ci8/OLa9K
yXtC+SNo19mgrlbtmUwT7qZCylzEbpalXqyk66nIFcqPhCxEGOQoyQvKBbxdDd3nE66jvmk7bcNw
7p6lcS6LGG6uiggMuXmqokQkKkmUioo88mTocSU1kQdR8bw7kUptIeL2Qcvn+aAS8DjPeOgLmRZp
kni5RCsQSS9QXgjBeVIEMsNjUKnLzyVAf711tryFHkHkNpp7IBKngRe4wi+KVPhJkBVh6uMm4SIS
aRIoEfkZz6WnDcRbp2xONrwuC9WRpsHGPDyLwiRyVRG7IkpVGCRRlgRu7EU8yHwReCJ1oWgviSc0
9l4daGOFRVLIJA1iERdB4Oe5nwXIyJmK4pi7MhahyJVMrBsB4WuSRjZiLxCsnoFSIThsLQpfRiL0
EpX5aehGOdQTuq4MhfJcyXnxiBL9azQLMmeujEiXIU9cqfIE8sk8jkAvidNIxpAnyEShxFMaDv4d
6tJ4IZm6CBR3fS+N4yJEaBRuIngQB3Fe+L6Iw1xl8APhec+QomJK9E47VOTuoBeT0UEj8z0pUyT9
JElkWAgvSMBmluUqRw8oMFhYesSKNjulZvyQm+vqBBELWaOzSPI09xI/5UJ6Ki4KWcD6Af6Dh0oq
MpLCj7l6RI6qEqdEPNgACbUv8SxygySPZaZiN825m/mSe7kfZAEiJIDkUgT43yNiVE18VoaMSyqL
YHVa7hcc4eFKKV1ESxpknox4pnjk5m4sk0dkenXf42ezrVAEaMeCjGeuSDC5KMJMBTJyE79wo0Tl
HkhnfpTCDAjoJEwfE0N/TRzFmiPlc1/GSRbHKoEzBW4R8iAIg0L5ysVdIWHB2JOHREY/cOfR3I/P
Ql/5hRcIxbmvgjCMvVyksBmHf7lJBKFCN/c5B5FOAfr7Er4gqnLv4b6WSARhlAZ5CrjIE566UZQX
iA8gkA/TCxWA2dBNw0M6ZH/LkK9l4qlXKOCiAvxAAzEvPICijzBNeC7CUCB1A9aC58k4raIQVk7V
NJ+HrVW3exYpoFKaFIlMuQqCIg9iH0jiJoCFLMwR16Hvcq2pKdUNZLSuFGkhfZlHrufyMA1lFKi8
iAK4FPiEljjwNRAE7on/hE6l7sv+weIKwRuAzQ9zrrjyACciK3yEiwegQlrIojSM4Jgo3KZ0ZFkU
mhOP1B16ynWTPMxjnxM6einADIjk+0mkQpHlWRLlvjqgoOrbsm1qm49iHR0plICsIbMAG+dBlLh+
VkRCRG6UFjIAcMZxnD2ym7rfNm2vWsuOf5ZFkZ+mYENmifAyDh3IoAhQRcY8x0UieZhwnTr2VFZV
k/PKocJYWacGpTRB7ikKP1QC8JpxSJoKnnteGOVZLGWsMpHLQ9VQc9A5TeGYWl/7kn+WRgiMIoYn
8zSE2TMPeShMRRTFhR/kiJK8SCLpHpAyvamj6mGjpsZ3z3zXly6FCI9SV5IzuSFk44VQMdKCijLJ
VebGz5FrTcGuqRmXhHzIiRKpGpHqqsTzfVlE4CaGY4ZIkDxKkixKDqihoxl0hoKgNSHLjjk3ytwM
OToXgNmQ0mMGgItRBHjASSSHrMjgYIeeabtEg29h7MdZxr04jEMRZGGIGBQudCRlkqSpn0vkTQT1
AYV9wgwNCkSAsDTgEZI/gMgLQQDm97mLqgIb+D7oFp6RCn5Yq380J92QoyjR/R3SCXj5r7pxLGUH
bcTZUH+umzuquPq16pRqT3pAc13+MmbYeXCWBImSPKbfSPkp4AiglnsqV2meR77IC0/whJMC7lS+
aX7hbX/CO0BYP2ZY98zzRI56LAuzIPeLlKNoCuBCHqyaFiLmXCRUXnkHRNDIrR06v9COB+ueIZiy
AowInxzYy/NMIGOrSOQuFKPSCBsA86OjL7vmFan0R5TeBDhoyBVVZT8ePTlq3B8M6HPGn0iL1ODM
UVxvIYmuQI9eXO7u2OumLsoVo8y4bJf1i6uhZu/5AwtRHS/8cIGq+OP1a/TCfkTPK16vBuTi03bo
6H7T9PJ0cgqCIdtSUfn9/BOChlMv8wKfBpuagtPZIDBPm6KgoRWnxg73nt6C3ztIjg+Q+VTz0G35
HSoWtAumxT119Ly7NTK7U5VdP9JRNUfP6vw8qPbhtKknQy3Cw47Q5XwLQ6NHk6d/1n9L9L9Vc+cU
Vbla78iZfVFFbtCw2NVmbNPk4wB6RKGcnQR2KcpHSSX/eL+93dr5BNqlGKr+wUhreisAATl2X9ar
7lTrnZpTo1PdS+7H4O5yMoVC9vTN+XevPr67plE+9I3ToVGw+92W6s6RJVVqQp2mNETpf+dD84cN
+ekLRmcnTGjvGFp92KmdhJpgtncz5/0lnIZdU9ixkWPGW8UQiawB6uKC90zwum56litW1qIapJK4
YE+ck2hdNRusLFj/lGbHCzVjDZ60HZFkORryz+yhGVpLi5UFg+LLotQ7QOd0yFM9EOEf1N2OHBqT
gkPrHbtr6j/1jG+3aM0ZaWtDxzCw/wPYBxNlZ+S+W6uaDdtVyyUIzJc1+bMhtljWjL2g40z4H8bA
xhgnjBKO1pl1/q7EfdVgA3uErNe+Xith5ThcCRbWfb/tFidIzvM79ENbJUs+b9rVCd2dvIMpb5ri
5u3VxU0cZI5/Q+s6ojpSWrDlkapXyyO91ae1Iv3RGV+HVpbReZ85/4Sp0E12VIdK81hrVDMLTnCl
em1W9JWlUGyN1rPSht4QZeP5+011W08PuvXQo6tGmJhTRuLHHBUzUaE9lpazq3Vzxzj5XNeArp1t
FM+ZgUE2dHApqbYwq+bz1eVbe0KpZd4/oQSRg/pCH5XoDc518I+UwD2jmGRwP1gYCmD5A7N+QfMt
VuweT0R68amE2gBdD4xLyVrVGV8iVulkDSzxbmj1USODB+UKcEIqVD8PXJ+vrspbzEW3Pih2bDcF
yr4k6mZHoJQiqHRgHDrwXuCx3vuHYZNDdwiRV91DLa559xle3KIX6eZ6wkfoVPvcKClNW6OwawbY
GNO7GdMowizawA1njMrQls75GqMbJDAa26BuFnqKIX6lnQAyIWTa5h5g2CuoASJp9613zJFuLUNv
Cwo8mkMBNmNl/yc6ZW71MqkIx7VjPVrMjiEDDM58rRYthmMlXWhSFIXmENDE4F90xci6puiZPRw0
J4PQwkateP7Qgyd2ZZhx9fZlR2a2IQy57krNm9Y5oyxgCI1m6LRyihKOAwAC5taaVoHgH7c0bgB5
Bu3AqwaiUA+r9UYb2cJWs7Zg7tKAgEZcc3b9/16CDXj9V/xTwvv3+O/6ZqtZsDC0Y8mS6xgCjPI2
8GNkiHYduUKjFVrGdJh80n5j+ev+9L/AoWh5t9YsUUwxVN4tVIlYUPcowykzmAyibHRSbtrNVvcC
ibvbS2RC++L6fMGuv397xd69ff/2GvB2+e7t+RW7PP/APl18+Ov5hxnDJHZ9gVnn7NP3F+/O2eWH
i9fnV1fzx0FyoA8/iq06LlVbNjr/ElR1JKDQ+cdqYwdHHnQPNJY6+vQUB2ChDBCZvIUuo6wBYfAm
kvefOZtxMlRolU5pBIZmmqZsiACc9lBnMFvvcUEoS2ldL5g/nU2+YLBawmxbJSj7G80Su8auZu1O
BriX2nZ7UQPXytq9fJ4lK3lgJV/xNkdkoM2q7IsWDUDPa1eHGrFjVzG7Cui24fWga40pJ6jDBvjg
y9mImo+dcHRDk4CKYsTPzT4C5+zCpHnj70jCzVDJHSslUPauZnv2O0N3q7mHnLHrWlGx2XcaK55k
Ee05hsJOtKJtNmM2MqvtDGfqmVMDkzDWkE9cgz3jUYdrqTsQazSAnTWABiKkpWGDtFxLUB2rXRKO
mU7CoMl+L3IhS97AiWacyDpU7w1IN+G4IzZ405iHjw1KqZNC3lAap48eZOjZqYdS/Gsd/LYWzPsl
QW+W9nqwDjPuSw/3xdBvUV2i9e7JWPviFi5Umboip1eTFO9bTo0Aygn4ncVNHa6mdrdPDVrmaldh
GBW/mCLs+IiQon3oifiMOd7E7zW66Y2dfmTGopoGon3xohshqhukMTOVubq6o8UYtGzN2ffo7qDx
U3QM8O/Xlx9nWAseckDWXSn7tUl/BhB29B1Nf8GSsdbal2Gd1s5k7py9kgi+Na+KEzRDpjaUCj5o
t8KmMAMSJvieRO8eySfEppXsPQUqVZe8mhkYoJ3t66s5u241Aja6evp4WV+Otde+uaHSkhbdIUcQ
zWFbbx17/6jYHeNJtweb0miZjlNZV/6iTPa9dzb94NA9Um+Y+dOCW9Wifdia6CgYtY1InahvrIcR
XWqCwTaB2ppTzmDlBnbqSS8QVX9khhCesXzoUR/rfEJTBeGMAR0gOtdVfGfUZTIP5vbW/lABnFB3
jxYGbHn65kLn1Ddvr+gdpUm/Q63tg5pWfwrREoRIk1NKMrT9lkDOJ53CXs59HEmVDysbQ42dyMyx
EunDlgpUfxPW08vF+e4p7WKq6u16Oy/rkkTwjG+MU8a084m3NWXJyWLqmG1eJEKWxoxJ5Gtyh/3M
DX+Y6LsdanqPMNU7UR5TrEUc7OeUhWNHJ76JYv8b5lGRbws5auu0GsaWTstFqrStnm5WTVB5E7/p
2Akd/Q6Al5OVsFEIdmS3d85lbSy5sG10g46Pon5scdXY8mnUl7znrOO3poFndKns2ZJDz/ZmG89W
Dht8NbaHzHz1aM429FyLckNnG1aBMO4N0Nk1jlmzYFvIcFtWpjQ9iEmBlhrZxBLUYKGLFQhC4NAT
QPiuLSwom5maRXsEnfPQA1uojOY4HN8Vg+6IwKZOolf2k/2OPYDiMxvNmI8H3nMPVC/mLw1Ed2rK
iLHoNdGmowYbeIw+pDA7UiwbnZnQ3J34EPDTMZxuOkxxW93xh85Qt4R2rrCsTZ6zaL8LOatT20XU
ZIPqcWUwG2cdnI49e0JlEOPVpkGQ6EZV1x6UY3QyG8Uj1ehPbGpdU2mWdQ2BxR90RTFZrL2oVubU
JVeGWK7ocxOmDxg1eq1HN9aeq88dD2oTIz5ttBMfwM34Y1Yhi9BJeG+DR1y6z7PJW1CS+ihGRxOY
HRdbextuAh3PdHLqDFuElZrEK9OfwBgL0lHtFDfe6M3yqiHfotNC0qfBIGY+c2BWOmYPI8YKR685
FN2Bq75gK7Ro3V45++OOnX7mTxVkwemOl7qH+3lQBjBhmW2zHaoxru0NlQR6js1+Ke2nA8TZWmAy
Z8aONhqZy9Ua3tBHknQkaIe9MV4JlhbMVODQGBVuDumtHrYLlpm63DiADmcDT5Ya6CTufk8iG9Ht
HaetdoN6jG/yEq5mptijYnPmtLDwQEdkuss1w6a+sQ4E3exzn5ye92GZftG2N64e2qHp4TDyUlkX
zYQAQNQxp567meuGfEXzMt9uNshkjVHzZo/PFv3JdjR9LH+IZYprsqVOpnbReGo339O3T6Y72BT1
G/nFogulq87qatL+jyeafdnbOnZs9Nd2UDs2tSW2UraOTSeLaDGkLkXKYkcIPQQEMRmeAmWamjU9
G8ljNkNdBFS2ajq/5/S+2d5RdgaP9m3agtkL8wx+SMcwC/ajzpRA45k+l/mJiJqP4HapcXpWr8Wg
86KWTrt15zu+1tBlznPAqqs1jfedrohJfxvYpwSvNiNO2Tf7ah7MJaMXIRRbBmT3Oy7Yd+9eXS/8
r5NZlN17s+A+mPlfe19LZC4DBsd9q3ADFDhNXYMZ5i6M6FtWdY8KUleU9PXWa6Dy9HuwXCB/r6cj
dFxeS94ejDWbG9n0qHgPRu0L1v3A0FbTe2nefO/u0aj09qM6b06vKu/vUS6v9YCvv5Mrysq8d9+t
WW0Ovl+z83f3JZzqdjpAX6VN77fiUGBdCcMpD/jKzSuE6dgD35g3nv6cPg4wCD6dsP9I9YC8frfU
HQ4hsRwsvbp8d7D9Q/dzpT/Ls1ds92j6Inj/DV+5Ne+F/bm+rcp8+hi395tDO2jOfdcNPM+nTwsu
31wc6Eg2N3rrx4MYKg9NCH+vu+5g4lVJHv339wcyPeIAt9QYHsqBwbu2fGRvAq/dF9D0DQe9jb5c
P/JHSnX6m3pfO08wj8gXVnlZ83b8DsWjTxV06MncziIX001OYwd8oy/UuPb7JXJEz34BTrh+4Iry
idXKA0NrbQXTod0XDavB+Bx5PnGBZquRxuX014kY+m/KVxeXOmHuaXz58j8PAjeu
===END CRASH DUMP===
