2025-05-04 [10:23:53.787] [Server thread/WARNING]: ChunkUtils extension is missing. Anvil-format worlds will experience degraded performance.
2025-05-04 [10:23:53.788] [Server thread/WARNING]: Non-packaged installation detected. This will degrade autoloading speed and make startup times longer.
2025-05-04 [10:24:31.925] [Server thread/INFO]: Loading pocketmine.yml...
2025-05-04 [10:24:31.962] [Server thread/INFO]: Loading genisysmax.yml...
2025-05-04 [10:24:31.965] [Server thread/INFO]: Loading server properties...
2025-05-04 [10:24:31.984] [Server thread/INFO]: Selected English (eng) as the base language
2025-05-04 [10:24:31.992] [Server thread/INFO]: Starting Minecraft: PE server version v1.1.0 + v1.21.2
2025-05-04 [10:24:32.004] [Server thread/INFO]: Starting remote control listener
2025-05-04 [10:24:32.011] [Server thread/INFO]: RCON running on 0.0.0.0:19132
2025-05-04 [10:24:32.017] [Server thread/WARNING]: pocketmine_chunkutils extension is not loaded, this will have a major impact on performance of Anvil worlds
2025-05-04 [10:24:32.017] [Server thread/INFO]: Opening server on 0.0.0.0:19132
2025-05-04 [10:24:46.617] [Server thread/INFO]: This server is running GenisysMax version 0.0.1-STABLE "LINUXOV" (API 3.28.0)
2025-05-04 [10:24:47.447] [Server thread/INFO]: Loading recipes...
2025-05-04 [10:24:47.473] [Server thread/INFO]: Loading PW10 resource packs...
2025-05-04 [10:24:47.493] [Server thread/INFO]: Loading bedrock resource packs...
2025-05-04 [10:24:47.559] [Server thread/NOTICE]: Level "world" not found
2025-05-04 [10:24:47.582] [Server thread/INFO]: Preparing level "world"
2025-05-04 [10:24:47.591] [Server thread/NOTICE]: Spawn terrain for level "world" is being generated in the background
2025-05-04 [10:24:47.612] [Server thread/INFO]: Starting GS4 status listener
2025-05-04 [10:24:47.612] [Server thread/INFO]: Setting query port to 19132
2025-05-04 [10:24:47.612] [Server thread/INFO]: Query running on 0.0.0.0:19132
2025-05-04 [10:24:47.613] [Server thread/INFO]: Default game type: Creative Mode
2025-05-04 [10:24:47.613] [Server thread/INFO]: Done (15.771s)! For help, type "help" or "?"
